<?xml version="1.0" encoding="UTF-8"?>
<testng-results skipped="0" failed="0" total="2" passed="2">
  <reporter-output>
  </reporter-output>
  <suite name="Default suite" duration-ms="265" started-at="2016-04-18T09:33:49Z" finished-at="2016-04-18T09:33:49Z">
    <groups>
    </groups>
    <test name="Default test" duration-ms="265" started-at="2016-04-18T09:33:49Z" finished-at="2016-04-18T09:33:49Z">
      <class name="testNG.first">
        <test-method status="PASS" signature="testB()[pri:1, instance:testNG.first@144fc66]" name="testB" duration-ms="62" started-at="2016-04-18T15:03:49Z" finished-at="2016-04-18T15:03:49Z">
          <reporter-output>
          </reporter-output>
        </test-method> <!-- testB -->
        <test-method status="PASS" signature="testA()[pri:0, instance:testNG.first@144fc66]" name="testA" duration-ms="15" started-at="2016-04-18T15:03:49Z" depends-on-methods="testNG.first.testB" finished-at="2016-04-18T15:03:49Z">
          <reporter-output>
          </reporter-output>
        </test-method> <!-- testA -->
      </class> <!-- testNG.first -->
    </test> <!-- Default test -->
  </suite> <!-- Default suite -->
</testng-results>
